<?xml version="1.0" encoding="UTF-8"?>
<!-- Generated by org.testng.reporters.JUnitReportReporter -->
<testsuite skipped="0" hostname="INL-FTV5T72" name="com.paragon.netapp.tests.Reportcheckdelete" tests="2" failures="0" timestamp="19 Mar 2018 09:51:04 GMT" time="121.839" errors="0">
  <testcase name="TestCase01" time="46.213" classname="com.paragon.netapp.tests.Reportcheckdelete"/>
  <testcase name="callMeTest" time="75.626" classname="com.paragon.netapp.tests.Reportcheckdelete"/>
</testsuite> <!-- com.paragon.netapp.tests.Reportcheckdelete -->
